2026-06-28 21:31:48 INFO  com.epam.travel_agency_final_project.TravelAgencyFinalProjectApplication - Starting TravelAgencyFinalProjectApplication using Java 17.0.8 with PID 8084 (D:\IdeaProjects\travel-agency-final-project\target\classes started by Acer Nitro 5 in D:\IdeaProjects\travel-agency-final-project)
2026-06-28 21:31:48 DEBUG com.epam.travel_agency_final_project.TravelAgencyFinalProjectApplication - Running with Spring Boot v4.1.0, Spring v7.0.8
2026-06-28 21:31:48 INFO  com.epam.travel_agency_final_project.TravelAgencyFinalProjectApplication - The following 1 profile is active: "prod"
2026-06-28 21:31:56 DEBUG com.epam.travel_agency_final_project.security.JwtCookieFilter - Filter 'jwtCookieFilter' configured for use
2026-06-28 21:31:58 INFO  com.epam.travel_agency_final_project.TravelAgencyFinalProjectApplication - Started TravelAgencyFinalProjectApplication in 10.15 seconds (process running for 11.993)
2026-06-28 21:31:58 INFO  com.epam.travel_agency_final_project.TravelAgencyFinalProjectApplication - ==========================================
2026-06-28 21:31:58 INFO  com.epam.travel_agency_final_project.TravelAgencyFinalProjectApplication - Application started successfully!
2026-06-28 21:31:58 INFO  com.epam.travel_agency_final_project.TravelAgencyFinalProjectApplication - ==========================================
2026-06-28 21:33:47 DEBUG com.epam.travel_agency_final_project.aspect.service.loggin.token.GetTokenLogging - Fetching refresh token: 4074d3b7-0656-4b56-926a-f4f1991d2753
2026-06-28 21:33:47 DEBUG com.epam.travel_agency_final_project.aspect.service.loggin.token.GetTokenLogging - Successfully retrieved token DTO. com.epam.travel_agency_final_project.dto.RefreshTokenDTO@34511d68
2026-06-28 21:33:47 ERROR com.epam.travel_agency_final_project.security.JwtCookieFilter - User '3ae70cf0-dbe9-4390-b012-1329c8ed15b3' successfully authenticated  in   SecurityContext
2026-06-28 21:33:48 INFO  com.epam.travel_agency_final_project.security.JwtCookieFilter -  access and refresh token  are valid
2026-06-28 21:33:54 DEBUG com.epam.travel_agency_final_project.aspect.service.loggin.token.GetTokenLogging - Fetching refresh token: 4074d3b7-0656-4b56-926a-f4f1991d2753
2026-06-28 21:33:54 DEBUG com.epam.travel_agency_final_project.aspect.service.loggin.token.GetTokenLogging - Successfully retrieved token DTO. com.epam.travel_agency_final_project.dto.RefreshTokenDTO@76e1f797
2026-06-28 21:33:54 ERROR com.epam.travel_agency_final_project.security.JwtCookieFilter - User '3ae70cf0-dbe9-4390-b012-1329c8ed15b3' successfully authenticated  in   SecurityContext
2026-06-28 21:33:54 INFO  com.epam.travel_agency_final_project.security.JwtCookieFilter -  access and refresh token  are valid
2026-06-28 21:38:59 INFO  com.epam.travel_agency_final_project.TravelAgencyFinalProjectApplication - Starting TravelAgencyFinalProjectApplication using Java 17.0.8 with PID 19136 (D:\IdeaProjects\travel-agency-final-project\target\classes started by Acer Nitro 5 in D:\IdeaProjects\travel-agency-final-project)
2026-06-28 21:38:59 DEBUG com.epam.travel_agency_final_project.TravelAgencyFinalProjectApplication - Running with Spring Boot v4.1.0, Spring v7.0.8
2026-06-28 21:38:59 INFO  com.epam.travel_agency_final_project.TravelAgencyFinalProjectApplication - The following 1 profile is active: "prod"
2026-06-28 21:39:06 DEBUG com.epam.travel_agency_final_project.security.JwtCookieFilter - Filter 'jwtCookieFilter' configured for use
2026-06-28 21:39:07 INFO  com.epam.travel_agency_final_project.TravelAgencyFinalProjectApplication - Started TravelAgencyFinalProjectApplication in 9.008 seconds (process running for 10.129)
2026-06-28 21:39:07 INFO  com.epam.travel_agency_final_project.TravelAgencyFinalProjectApplication - ==========================================
2026-06-28 21:39:07 INFO  com.epam.travel_agency_final_project.TravelAgencyFinalProjectApplication - Application started successfully!
2026-06-28 21:39:07 INFO  com.epam.travel_agency_final_project.TravelAgencyFinalProjectApplication - ==========================================
2026-06-28 21:39:38 DEBUG com.epam.travel_agency_final_project.service.UserAuthenticationService - Updating access and refresh tokens for user: 3ae70cf0-dbe9-4390-b012-1329c8ed15b3
2026-06-28 21:39:38 DEBUG com.epam.travel_agency_final_project.aspect.service.loggin.token.CreateRefreshTokenLogging - Executing createRefreshToken. Arguments: [UserSecurityDTO(id=3ae70cf0-dbe9-4390-b012-1329c8ed15b3, login=admin@gmail, roles=[ROLE_ADMIN], isLocked=false, balance=115.00), ced3b6d8-272d-4773-b84a-a693200a1583]
2026-06-28 21:39:39 DEBUG com.epam.travel_agency_final_project.aspect.service.loggin.token.GetTokenLogging - Fetching refresh token: ced3b6d8-272d-4773-b84a-a693200a1583
2026-06-28 21:39:39 DEBUG com.epam.travel_agency_final_project.aspect.service.loggin.token.GetTokenLogging - Fetching refresh token: ced3b6d8-272d-4773-b84a-a693200a1583
2026-06-28 21:39:39 DEBUG com.epam.travel_agency_final_project.aspect.service.loggin.token.GetTokenLogging - Fetching refresh token: ced3b6d8-272d-4773-b84a-a693200a1583
2026-06-28 21:39:39 DEBUG com.epam.travel_agency_final_project.aspect.service.loggin.token.GetTokenLogging - Successfully retrieved token DTO. com.epam.travel_agency_final_project.dto.RefreshTokenDTO@713940df
2026-06-28 21:39:39 DEBUG com.epam.travel_agency_final_project.aspect.service.loggin.token.GetTokenLogging - Successfully retrieved token DTO. com.epam.travel_agency_final_project.dto.RefreshTokenDTO@e879158
2026-06-28 21:39:39 DEBUG com.epam.travel_agency_final_project.aspect.service.loggin.token.GetTokenLogging - Successfully retrieved token DTO. com.epam.travel_agency_final_project.dto.RefreshTokenDTO@742c7d68
2026-06-28 21:39:39 ERROR com.epam.travel_agency_final_project.security.JwtCookieFilter - User '3ae70cf0-dbe9-4390-b012-1329c8ed15b3' successfully authenticated  in   SecurityContext
2026-06-28 21:39:39 ERROR com.epam.travel_agency_final_project.security.JwtCookieFilter - User '3ae70cf0-dbe9-4390-b012-1329c8ed15b3' successfully authenticated  in   SecurityContext
2026-06-28 21:39:39 ERROR com.epam.travel_agency_final_project.security.JwtCookieFilter - User '3ae70cf0-dbe9-4390-b012-1329c8ed15b3' successfully authenticated  in   SecurityContext
2026-06-28 21:39:39 INFO  com.epam.travel_agency_final_project.security.JwtCookieFilter -  access and refresh token  are valid
2026-06-28 21:39:39 INFO  com.epam.travel_agency_final_project.security.JwtCookieFilter -  access and refresh token  are valid
2026-06-28 21:39:39 INFO  com.epam.travel_agency_final_project.security.JwtCookieFilter -  access and refresh token  are valid
2026-06-28 21:39:43 DEBUG com.epam.travel_agency_final_project.aspect.service.loggin.token.GetTokenLogging - Fetching refresh token: ced3b6d8-272d-4773-b84a-a693200a1583
2026-06-28 21:39:43 DEBUG com.epam.travel_agency_final_project.aspect.service.loggin.token.GetTokenLogging - Successfully retrieved token DTO. com.epam.travel_agency_final_project.dto.RefreshTokenDTO@3cff5f56
2026-06-28 21:39:43 ERROR com.epam.travel_agency_final_project.security.JwtCookieFilter - User '3ae70cf0-dbe9-4390-b012-1329c8ed15b3' successfully authenticated  in   SecurityContext
2026-06-28 21:40:12 DEBUG com.epam.travel_agency_final_project.aspect.service.loggin.token.GetTokenLogging - Fetching refresh token: ced3b6d8-272d-4773-b84a-a693200a1583
2026-06-28 21:40:12 DEBUG com.epam.travel_agency_final_project.aspect.service.loggin.token.GetTokenLogging - Successfully retrieved token DTO. com.epam.travel_agency_final_project.dto.RefreshTokenDTO@59e24db5
2026-06-28 21:40:12 ERROR com.epam.travel_agency_final_project.security.JwtCookieFilter - User '3ae70cf0-dbe9-4390-b012-1329c8ed15b3' successfully authenticated  in   SecurityContext
2026-06-28 21:43:55 DEBUG com.epam.travel_agency_final_project.aspect.service.loggin.token.GetTokenLogging - Fetching refresh token: ced3b6d8-272d-4773-b84a-a693200a1583
2026-06-28 21:43:55 DEBUG com.epam.travel_agency_final_project.aspect.service.loggin.token.GetTokenLogging - Successfully retrieved token DTO. com.epam.travel_agency_final_project.dto.RefreshTokenDTO@20a2a599
2026-06-28 21:43:55 ERROR com.epam.travel_agency_final_project.security.JwtCookieFilter - User '3ae70cf0-dbe9-4390-b012-1329c8ed15b3' successfully authenticated  in   SecurityContext
2026-06-28 21:43:55 INFO  com.epam.travel_agency_final_project.security.JwtCookieFilter -  access and refresh token  are valid
2026-06-28 21:43:58 DEBUG com.epam.travel_agency_final_project.aspect.service.loggin.token.GetTokenLogging - Fetching refresh token: ced3b6d8-272d-4773-b84a-a693200a1583
2026-06-28 21:43:58 DEBUG com.epam.travel_agency_final_project.aspect.service.loggin.token.GetTokenLogging - Successfully retrieved token DTO. com.epam.travel_agency_final_project.dto.RefreshTokenDTO@456bbbf
2026-06-28 21:43:58 ERROR com.epam.travel_agency_final_project.security.JwtCookieFilter - User '3ae70cf0-dbe9-4390-b012-1329c8ed15b3' successfully authenticated  in   SecurityContext
2026-06-28 21:43:58 DEBUG com.epam.travel_agency_final_project.aspect.service.loggin.token.GetTokenLogging - Fetching refresh token: ced3b6d8-272d-4773-b84a-a693200a1583
2026-06-28 21:43:58 DEBUG com.epam.travel_agency_final_project.aspect.service.loggin.token.GetTokenLogging - Successfully retrieved token DTO. com.epam.travel_agency_final_project.dto.RefreshTokenDTO@7f32dda9
2026-06-28 21:43:58 INFO  com.epam.travel_agency_final_project.service.UserAuthenticationService - User 3ae70cf0-dbe9-4390-b012-1329c8ed15b3 successfully authenticated via refresh token.
2026-06-28 21:43:58 INFO  com.epam.travel_agency_final_project.security.JwtCookieFilter -  access and refresh token  are valid
2026-06-28 21:44:01 DEBUG com.epam.travel_agency_final_project.aspect.service.loggin.token.GetTokenLogging - Fetching refresh token: ced3b6d8-272d-4773-b84a-a693200a1583
2026-06-28 21:44:01 DEBUG com.epam.travel_agency_final_project.aspect.service.loggin.token.GetTokenLogging - Successfully retrieved token DTO. com.epam.travel_agency_final_project.dto.RefreshTokenDTO@51b9a03c
2026-06-28 21:44:01 ERROR com.epam.travel_agency_final_project.security.JwtCookieFilter - User '3ae70cf0-dbe9-4390-b012-1329c8ed15b3' successfully authenticated  in   SecurityContext
2026-06-28 21:44:01 INFO  com.epam.travel_agency_final_project.security.JwtCookieFilter -  access and refresh token  are valid
2026-06-28 21:44:22 DEBUG com.epam.travel_agency_final_project.aspect.service.loggin.token.GetTokenLogging - Fetching refresh token: ced3b6d8-272d-4773-b84a-a693200a1583
2026-06-28 21:44:22 DEBUG com.epam.travel_agency_final_project.aspect.service.loggin.token.GetTokenLogging - Successfully retrieved token DTO. com.epam.travel_agency_final_project.dto.RefreshTokenDTO@732f659b
2026-06-28 21:44:22 ERROR com.epam.travel_agency_final_project.security.JwtCookieFilter - User '3ae70cf0-dbe9-4390-b012-1329c8ed15b3' successfully authenticated  in   SecurityContext
2026-06-28 21:44:22 INFO  com.epam.travel_agency_final_project.security.JwtCookieFilter -  access and refresh token  are valid
2026-06-28 21:45:19 DEBUG com.epam.travel_agency_final_project.aspect.service.loggin.token.GetTokenLogging - Fetching refresh token: ced3b6d8-272d-4773-b84a-a693200a1583
2026-06-28 21:45:19 DEBUG com.epam.travel_agency_final_project.aspect.service.loggin.token.GetTokenLogging - Successfully retrieved token DTO. com.epam.travel_agency_final_project.dto.RefreshTokenDTO@69a79450
2026-06-28 21:45:19 ERROR com.epam.travel_agency_final_project.security.JwtCookieFilter - User '3ae70cf0-dbe9-4390-b012-1329c8ed15b3' successfully authenticated  in   SecurityContext
2026-06-28 21:45:19 INFO  com.epam.travel_agency_final_project.security.JwtCookieFilter -  access and refresh token  are valid
2026-06-28 21:45:19 DEBUG com.epam.travel_agency_final_project.aspect.service.loggin.token.GetTokenLogging - Fetching refresh token: ced3b6d8-272d-4773-b84a-a693200a1583
2026-06-28 21:45:19 DEBUG com.epam.travel_agency_final_project.aspect.service.loggin.token.GetTokenLogging - Successfully retrieved token DTO. com.epam.travel_agency_final_project.dto.RefreshTokenDTO@53b60a68
2026-06-28 21:45:19 ERROR com.epam.travel_agency_final_project.security.JwtCookieFilter - User '3ae70cf0-dbe9-4390-b012-1329c8ed15b3' successfully authenticated  in   SecurityContext
2026-06-28 21:45:19 INFO  com.epam.travel_agency_final_project.security.JwtCookieFilter -  access and refresh token  are valid
2026-06-28 21:46:01 DEBUG com.epam.travel_agency_final_project.service.UserAuthenticationService - Updating access and refresh tokens for user: 3ae70cf0-dbe9-4390-b012-1329c8ed15b3
2026-06-28 21:46:01 DEBUG com.epam.travel_agency_final_project.aspect.service.loggin.token.CreateRefreshTokenLogging - Executing createRefreshToken. Arguments: [UserSecurityDTO(id=3ae70cf0-dbe9-4390-b012-1329c8ed15b3, login=admin@gmail, roles=[ROLE_ADMIN], isLocked=false, balance=115.00), 09d8ae51-ccde-48c7-a9f1-c5cda8ad2e62]
2026-06-28 21:46:01 DEBUG com.epam.travel_agency_final_project.aspect.service.loggin.token.GetTokenLogging - Fetching refresh token: 09d8ae51-ccde-48c7-a9f1-c5cda8ad2e62
2026-06-28 21:46:01 DEBUG com.epam.travel_agency_final_project.aspect.service.loggin.token.GetTokenLogging - Successfully retrieved token DTO. com.epam.travel_agency_final_project.dto.RefreshTokenDTO@745dc34a
2026-06-28 21:46:01 ERROR com.epam.travel_agency_final_project.security.JwtCookieFilter - User '3ae70cf0-dbe9-4390-b012-1329c8ed15b3' successfully authenticated  in   SecurityContext
2026-06-28 21:46:01 INFO  com.epam.travel_agency_final_project.security.JwtCookieFilter -  access and refresh token  are valid
2026-06-28 21:46:03 DEBUG com.epam.travel_agency_final_project.aspect.service.loggin.token.GetTokenLogging - Fetching refresh token: 09d8ae51-ccde-48c7-a9f1-c5cda8ad2e62
2026-06-28 21:46:03 DEBUG com.epam.travel_agency_final_project.aspect.service.loggin.token.GetTokenLogging - Successfully retrieved token DTO. com.epam.travel_agency_final_project.dto.RefreshTokenDTO@4acdfb5d
2026-06-28 21:46:03 ERROR com.epam.travel_agency_final_project.security.JwtCookieFilter - User '3ae70cf0-dbe9-4390-b012-1329c8ed15b3' successfully authenticated  in   SecurityContext
2026-06-28 21:46:03 DEBUG com.epam.travel_agency_final_project.aspect.service.loggin.token.GetTokenLogging - Fetching refresh token: 09d8ae51-ccde-48c7-a9f1-c5cda8ad2e62
2026-06-28 21:46:03 DEBUG com.epam.travel_agency_final_project.aspect.service.loggin.token.GetTokenLogging - Successfully retrieved token DTO. com.epam.travel_agency_final_project.dto.RefreshTokenDTO@3dc71e30
2026-06-28 21:46:03 INFO  com.epam.travel_agency_final_project.service.UserAuthenticationService - User 3ae70cf0-dbe9-4390-b012-1329c8ed15b3 successfully authenticated via refresh token.
2026-06-28 21:46:03 INFO  com.epam.travel_agency_final_project.security.JwtCookieFilter -  access and refresh token  are valid
2026-06-28 21:46:06 DEBUG com.epam.travel_agency_final_project.aspect.service.loggin.token.GetTokenLogging - Fetching refresh token: 09d8ae51-ccde-48c7-a9f1-c5cda8ad2e62
2026-06-28 21:46:06 DEBUG com.epam.travel_agency_final_project.aspect.service.loggin.token.GetTokenLogging - Successfully retrieved token DTO. com.epam.travel_agency_final_project.dto.RefreshTokenDTO@24ca5c36
2026-06-28 21:46:06 ERROR com.epam.travel_agency_final_project.security.JwtCookieFilter - User '3ae70cf0-dbe9-4390-b012-1329c8ed15b3' successfully authenticated  in   SecurityContext
2026-06-28 21:46:06 INFO  com.epam.travel_agency_final_project.security.JwtCookieFilter -  access and refresh token  are valid
2026-06-28 21:46:07 DEBUG com.epam.travel_agency_final_project.aspect.service.loggin.tour.GetToursLogging - Fetching tours. Lang: uk, Page: 0, Size: 2
2026-06-28 21:46:08 DEBUG com.epam.travel_agency_final_project.aspect.service.loggin.tour.GetToursLogging - Tours fetched. Total elements: 20, Total pages: 10
2026-06-28 21:46:09 DEBUG com.epam.travel_agency_final_project.aspect.service.loggin.token.GetTokenLogging - Fetching refresh token: 09d8ae51-ccde-48c7-a9f1-c5cda8ad2e62
2026-06-28 21:46:09 DEBUG com.epam.travel_agency_final_project.aspect.service.loggin.token.GetTokenLogging - Successfully retrieved token DTO. com.epam.travel_agency_final_project.dto.RefreshTokenDTO@32724ef5
2026-06-28 21:46:09 ERROR com.epam.travel_agency_final_project.security.JwtCookieFilter - User '3ae70cf0-dbe9-4390-b012-1329c8ed15b3' successfully authenticated  in   SecurityContext
2026-06-28 21:46:09 INFO  com.epam.travel_agency_final_project.security.JwtCookieFilter -  access and refresh token  are valid
2026-06-28 21:46:09 DEBUG com.epam.travel_agency_final_project.aspect.service.loggin.tour.GetToursLogging - Fetching tours. Lang: uk, Page: 0, Size: 2
2026-06-28 21:46:09 DEBUG com.epam.travel_agency_final_project.aspect.service.loggin.tour.GetToursLogging - Tours fetched. Total elements: 20, Total pages: 10
2026-06-28 21:46:10 DEBUG com.epam.travel_agency_final_project.aspect.service.loggin.tour.GetToursForCartLogging - Fetching tours for cart. Requested IDs count: 1, Language: uk
2026-06-28 21:46:10 DEBUG com.epam.travel_agency_final_project.aspect.service.loggin.tour.GetToursForCartLogging - Successfully retrieved 1 tours for cart.
2026-06-28 21:46:12 DEBUG com.epam.travel_agency_final_project.aspect.service.loggin.token.GetTokenLogging - Fetching refresh token: 09d8ae51-ccde-48c7-a9f1-c5cda8ad2e62
2026-06-28 21:46:12 DEBUG com.epam.travel_agency_final_project.aspect.service.loggin.token.GetTokenLogging - Successfully retrieved token DTO. com.epam.travel_agency_final_project.dto.RefreshTokenDTO@76baa21c
2026-06-28 21:46:12 ERROR com.epam.travel_agency_final_project.security.JwtCookieFilter - User '3ae70cf0-dbe9-4390-b012-1329c8ed15b3' successfully authenticated  in   SecurityContext
2026-06-28 21:46:12 DEBUG com.epam.travel_agency_final_project.aspect.service.loggin.token.GetTokenLogging - Fetching refresh token: 09d8ae51-ccde-48c7-a9f1-c5cda8ad2e62
2026-06-28 21:46:12 DEBUG com.epam.travel_agency_final_project.aspect.service.loggin.token.GetTokenLogging - Successfully retrieved token DTO. com.epam.travel_agency_final_project.dto.RefreshTokenDTO@3b9cc00e
2026-06-28 21:46:12 INFO  com.epam.travel_agency_final_project.service.UserAuthenticationService - User 3ae70cf0-dbe9-4390-b012-1329c8ed15b3 successfully authenticated via refresh token.
2026-06-28 21:46:12 DEBUG com.epam.travel_agency_final_project.aspect.service.loggin.tour.FindByIdLogging - Attempting to find tour by ID: d4e5f6a7-b8c9-0d1e-2f3a-4b5c6d7e8f9a with language: uk
2026-06-28 21:46:12 DEBUG com.epam.travel_agency_final_project.aspect.service.loggin.tour.FindByIdLogging - Successfully found tour.
2026-06-28 21:46:12 INFO  com.epam.travel_agency_final_project.security.JwtCookieFilter -  access and refresh token  are valid
2026-06-28 21:46:12 DEBUG com.epam.travel_agency_final_project.aspect.service.loggin.token.GetTokenLogging - Fetching refresh token: 09d8ae51-ccde-48c7-a9f1-c5cda8ad2e62
2026-06-28 21:46:12 DEBUG com.epam.travel_agency_final_project.aspect.service.loggin.token.GetTokenLogging - Successfully retrieved token DTO. com.epam.travel_agency_final_project.dto.RefreshTokenDTO@41f3e298
2026-06-28 21:46:12 ERROR com.epam.travel_agency_final_project.security.JwtCookieFilter - User '3ae70cf0-dbe9-4390-b012-1329c8ed15b3' successfully authenticated  in   SecurityContext
2026-06-28 21:46:12 INFO  com.epam.travel_agency_final_project.security.JwtCookieFilter -  access and refresh token  are valid
2026-06-28 21:46:13 DEBUG com.epam.travel_agency_final_project.aspect.service.loggin.token.GetTokenLogging - Fetching refresh token: 09d8ae51-ccde-48c7-a9f1-c5cda8ad2e62
2026-06-28 21:46:13 DEBUG com.epam.travel_agency_final_project.aspect.service.loggin.token.GetTokenLogging - Successfully retrieved token DTO. com.epam.travel_agency_final_project.dto.RefreshTokenDTO@1e47d60b
2026-06-28 21:46:13 ERROR com.epam.travel_agency_final_project.security.JwtCookieFilter - User '3ae70cf0-dbe9-4390-b012-1329c8ed15b3' successfully authenticated  in   SecurityContext
2026-06-28 21:46:13 INFO  com.epam.travel_agency_final_project.security.JwtCookieFilter -  access and refresh token  are valid
2026-06-28 21:46:15 DEBUG com.epam.travel_agency_final_project.aspect.service.loggin.token.GetTokenLogging - Fetching refresh token: 09d8ae51-ccde-48c7-a9f1-c5cda8ad2e62
2026-06-28 21:46:15 DEBUG com.epam.travel_agency_final_project.aspect.service.loggin.token.GetTokenLogging - Successfully retrieved token DTO. com.epam.travel_agency_final_project.dto.RefreshTokenDTO@228d1079
2026-06-28 21:46:15 ERROR com.epam.travel_agency_final_project.security.JwtCookieFilter - User '3ae70cf0-dbe9-4390-b012-1329c8ed15b3' successfully authenticated  in   SecurityContext
2026-06-28 21:46:15 INFO  com.epam.travel_agency_final_project.security.JwtCookieFilter -  access and refresh token  are valid
2026-06-28 21:46:16 DEBUG com.epam.travel_agency_final_project.aspect.service.loggin.token.GetTokenLogging - Fetching refresh token: 09d8ae51-ccde-48c7-a9f1-c5cda8ad2e62
2026-06-28 21:46:16 DEBUG com.epam.travel_agency_final_project.aspect.service.loggin.token.GetTokenLogging - Successfully retrieved token DTO. com.epam.travel_agency_final_project.dto.RefreshTokenDTO@ce6a936
2026-06-28 21:46:16 ERROR com.epam.travel_agency_final_project.security.JwtCookieFilter - User '3ae70cf0-dbe9-4390-b012-1329c8ed15b3' successfully authenticated  in   SecurityContext
2026-06-28 21:46:16 INFO  com.epam.travel_agency_final_project.security.JwtCookieFilter -  access and refresh token  are valid
2026-06-28 21:46:22 DEBUG com.epam.travel_agency_final_project.aspect.service.loggin.token.GetTokenLogging - Fetching refresh token: 09d8ae51-ccde-48c7-a9f1-c5cda8ad2e62
2026-06-28 21:46:22 DEBUG com.epam.travel_agency_final_project.aspect.service.loggin.token.GetTokenLogging - Successfully retrieved token DTO. com.epam.travel_agency_final_project.dto.RefreshTokenDTO@104a87cb
2026-06-28 21:46:22 ERROR com.epam.travel_agency_final_project.security.JwtCookieFilter - User '3ae70cf0-dbe9-4390-b012-1329c8ed15b3' successfully authenticated  in   SecurityContext
2026-06-28 21:46:22 INFO  com.epam.travel_agency_final_project.security.JwtCookieFilter -  access and refresh token  are valid
2026-06-28 21:47:08 DEBUG com.epam.travel_agency_final_project.aspect.service.loggin.token.GetTokenLogging - Fetching refresh token: 09d8ae51-ccde-48c7-a9f1-c5cda8ad2e62
2026-06-28 21:47:08 DEBUG com.epam.travel_agency_final_project.aspect.service.loggin.token.GetTokenLogging - Successfully retrieved token DTO. com.epam.travel_agency_final_project.dto.RefreshTokenDTO@3d15ff21
2026-06-28 21:47:08 ERROR com.epam.travel_agency_final_project.security.JwtCookieFilter - User '3ae70cf0-dbe9-4390-b012-1329c8ed15b3' successfully authenticated  in   SecurityContext
2026-06-28 21:47:08 INFO  com.epam.travel_agency_final_project.security.JwtCookieFilter -  access and refresh token  are valid
2026-06-28 21:47:11 DEBUG com.epam.travel_agency_final_project.aspect.service.loggin.token.GetTokenLogging - Fetching refresh token: 09d8ae51-ccde-48c7-a9f1-c5cda8ad2e62
2026-06-28 21:47:11 DEBUG com.epam.travel_agency_final_project.aspect.service.loggin.token.GetTokenLogging - Successfully retrieved token DTO. com.epam.travel_agency_final_project.dto.RefreshTokenDTO@137e92d0
2026-06-28 21:47:11 ERROR com.epam.travel_agency_final_project.security.JwtCookieFilter - User '3ae70cf0-dbe9-4390-b012-1329c8ed15b3' successfully authenticated  in   SecurityContext
2026-06-28 21:47:11 INFO  com.epam.travel_agency_final_project.security.JwtCookieFilter -  access and refresh token  are valid
2026-06-28 21:47:14 DEBUG com.epam.travel_agency_final_project.aspect.service.loggin.token.GetTokenLogging - Fetching refresh token: 09d8ae51-ccde-48c7-a9f1-c5cda8ad2e62
2026-06-28 21:47:14 DEBUG com.epam.travel_agency_final_project.aspect.service.loggin.token.GetTokenLogging - Successfully retrieved token DTO. com.epam.travel_agency_final_project.dto.RefreshTokenDTO@139b19f4
2026-06-28 21:47:14 ERROR com.epam.travel_agency_final_project.security.JwtCookieFilter - User '3ae70cf0-dbe9-4390-b012-1329c8ed15b3' successfully authenticated  in   SecurityContext
2026-06-28 21:47:14 DEBUG com.epam.travel_agency_final_project.aspect.service.loggin.user.FindByEmailExactLogging - Searching user by exact email: фауау. Page: 0
2026-06-28 21:47:14 DEBUG com.epam.travel_agency_final_project.aspect.service.loggin.user.FindByEmailExactLogging - Search by email returned 0 results.
2026-06-28 21:47:14 INFO  com.epam.travel_agency_final_project.security.JwtCookieFilter -  access and refresh token  are valid
2026-06-28 21:47:16 DEBUG com.epam.travel_agency_final_project.aspect.service.loggin.token.GetTokenLogging - Fetching refresh token: 09d8ae51-ccde-48c7-a9f1-c5cda8ad2e62
2026-06-28 21:47:16 DEBUG com.epam.travel_agency_final_project.aspect.service.loggin.token.GetTokenLogging - Successfully retrieved token DTO. com.epam.travel_agency_final_project.dto.RefreshTokenDTO@22d91ebd
2026-06-28 21:47:16 ERROR com.epam.travel_agency_final_project.security.JwtCookieFilter - User '3ae70cf0-dbe9-4390-b012-1329c8ed15b3' successfully authenticated  in   SecurityContext
2026-06-28 21:47:16 INFO  com.epam.travel_agency_final_project.security.JwtCookieFilter -  access and refresh token  are valid
2026-06-28 21:47:17 DEBUG com.epam.travel_agency_final_project.aspect.service.loggin.token.GetTokenLogging - Fetching refresh token: 09d8ae51-ccde-48c7-a9f1-c5cda8ad2e62
2026-06-28 21:47:17 DEBUG com.epam.travel_agency_final_project.aspect.service.loggin.token.GetTokenLogging - Successfully retrieved token DTO. com.epam.travel_agency_final_project.dto.RefreshTokenDTO@3666d998
2026-06-28 21:47:17 ERROR com.epam.travel_agency_final_project.security.JwtCookieFilter - User '3ae70cf0-dbe9-4390-b012-1329c8ed15b3' successfully authenticated  in   SecurityContext
2026-06-28 21:47:17 INFO  com.epam.travel_agency_final_project.security.JwtCookieFilter -  access and refresh token  are valid
2026-06-28 21:47:22 DEBUG com.epam.travel_agency_final_project.aspect.service.loggin.token.GetTokenLogging - Fetching refresh token: 09d8ae51-ccde-48c7-a9f1-c5cda8ad2e62
2026-06-28 21:47:22 DEBUG com.epam.travel_agency_final_project.aspect.service.loggin.token.GetTokenLogging - Fetching refresh token: 09d8ae51-ccde-48c7-a9f1-c5cda8ad2e62
2026-06-28 21:47:22 DEBUG com.epam.travel_agency_final_project.aspect.service.loggin.token.GetTokenLogging - Fetching refresh token: 09d8ae51-ccde-48c7-a9f1-c5cda8ad2e62
2026-06-28 21:47:22 DEBUG com.epam.travel_agency_final_project.aspect.service.loggin.token.GetTokenLogging - Successfully retrieved token DTO. com.epam.travel_agency_final_project.dto.RefreshTokenDTO@2749dd18
2026-06-28 21:47:22 DEBUG com.epam.travel_agency_final_project.aspect.service.loggin.token.GetTokenLogging - Successfully retrieved token DTO. com.epam.travel_agency_final_project.dto.RefreshTokenDTO@4ad34368
2026-06-28 21:47:22 DEBUG com.epam.travel_agency_final_project.aspect.service.loggin.token.GetTokenLogging - Successfully retrieved token DTO. com.epam.travel_agency_final_project.dto.RefreshTokenDTO@3e3f3dad
2026-06-28 21:47:22 ERROR com.epam.travel_agency_final_project.security.JwtCookieFilter - User '3ae70cf0-dbe9-4390-b012-1329c8ed15b3' successfully authenticated  in   SecurityContext
2026-06-28 21:47:22 ERROR com.epam.travel_agency_final_project.security.JwtCookieFilter - User '3ae70cf0-dbe9-4390-b012-1329c8ed15b3' successfully authenticated  in   SecurityContext
2026-06-28 21:47:22 ERROR com.epam.travel_agency_final_project.security.JwtCookieFilter - User '3ae70cf0-dbe9-4390-b012-1329c8ed15b3' successfully authenticated  in   SecurityContext
2026-06-28 21:47:22 INFO  com.epam.travel_agency_final_project.security.JwtCookieFilter -  access and refresh token  are valid
2026-06-28 21:47:22 INFO  com.epam.travel_agency_final_project.security.JwtCookieFilter -  access and refresh token  are valid
2026-06-28 21:47:22 INFO  com.epam.travel_agency_final_project.security.JwtCookieFilter -  access and refresh token  are valid
2026-06-29 03:00:21 INFO  com.epam.travel_agency_final_project.service.UserAuthenticationService - User a178a689-30ea-43bb-85b7-118760cbc8e6 successfully authenticated via refresh token.
2026-06-29 03:00:21 WARN  com.epam.travel_agency_final_project.service.UserAuthenticationService - Authentication failed: refresh_token cookie is missing.
2026-06-29 03:00:21 WARN  com.epam.travel_agency_final_project.service.UserAuthenticationService - Authentication failed: Refresh token not found in database for UUID: test-uuid
2026-06-29 03:00:21 ERROR com.epam.travel_agency_final_project.service.UserAuthenticationService - Security inconsistency: Refresh token exists for UUID test-uuid, but user 56beed63-f5f4-4c54-81eb-6910ff31bfef not found!
2026-06-29 03:04:22 DEBUG com.epam.travel_agency_final_project.service.UserAuthenticationService - registered and authenticate: bddfdfa2-5a5a-449a-ae90-3f5fedc6b87d
2026-06-29 03:04:22 INFO  com.epam.travel_agency_final_project.service.UserAuthenticationService - User 77155d21-aaf1-4956-9277-04a76ba24d79 successfully authenticated via refresh token.
2026-06-29 03:04:22 DEBUG com.epam.travel_agency_final_project.service.UserAuthenticationService - registered and authenticate: fb2d300f-587b-4df4-a458-0f5b1891c203
2026-06-29 03:04:22 DEBUG com.epam.travel_agency_final_project.service.UserAuthenticationService - Updating access and refresh tokens for user: fb2d300f-587b-4df4-a458-0f5b1891c203
2026-06-29 03:04:22 WARN  com.epam.travel_agency_final_project.service.UserAuthenticationService - Authentication failed: refresh_token cookie is missing.
2026-06-29 03:04:22 WARN  com.epam.travel_agency_final_project.service.UserAuthenticationService - Authentication failed: Refresh token not found in database for UUID: test-uuid
2026-06-29 03:04:22 ERROR com.epam.travel_agency_final_project.service.UserAuthenticationService - Security inconsistency: Refresh token exists for UUID test-uuid, but user 3c3c0dde-fbf2-4dcc-94dc-829dcbb30452 not found!
2026-06-29 03:04:22 DEBUG com.epam.travel_agency_final_project.service.UserAuthenticationService - Updating access and refresh tokens for user: a4c09279-cc96-4681-9280-3511def78824
2026-06-29 03:23:57 DEBUG com.epam.travel_agency_final_project.service.UserAuthenticationService - registered and authenticate: 5ff7a8fc-617b-4b84-a42b-d709874869ec
2026-06-29 03:23:57 INFO  com.epam.travel_agency_final_project.service.UserAuthenticationService - User 66d547c9-f5d9-4db7-9cab-89bcde43bcce successfully authenticated via refresh token.
2026-06-29 03:23:57 DEBUG com.epam.travel_agency_final_project.service.UserAuthenticationService - registered and authenticate: 320bdf04-104d-472e-bc15-88522a145e26
2026-06-29 03:23:57 DEBUG com.epam.travel_agency_final_project.service.UserAuthenticationService - Updating access and refresh tokens for user: 320bdf04-104d-472e-bc15-88522a145e26
2026-06-29 03:23:57 WARN  com.epam.travel_agency_final_project.service.UserAuthenticationService - Authentication failed: refresh_token cookie is missing.
2026-06-29 03:23:57 WARN  com.epam.travel_agency_final_project.service.UserAuthenticationService - Authentication failed: Refresh token not found in database for UUID: test-uuid
2026-06-29 03:23:57 ERROR com.epam.travel_agency_final_project.service.UserAuthenticationService - Security inconsistency: Refresh token exists for UUID test-uuid, but user 17902d30-e5ac-4eed-b443-b99e346993ed not found!
2026-06-29 03:23:57 DEBUG com.epam.travel_agency_final_project.service.UserAuthenticationService - Updating access and refresh tokens for user: cc752489-3910-496a-bf64-7c4a348e2aa5
2026-06-29 04:19:01 INFO  com.epam.travel_agency_final_project.TravelAgencyFinalProjectApplication - Starting TravelAgencyFinalProjectApplication using Java 17.0.8 with PID 17688 (D:\IdeaProjects\travel-agency-final-project\target\classes started by Acer Nitro 5 in D:\IdeaProjects\travel-agency-final-project)
2026-06-29 04:19:01 DEBUG com.epam.travel_agency_final_project.TravelAgencyFinalProjectApplication - Running with Spring Boot v4.1.0, Spring v7.0.8
2026-06-29 04:19:01 INFO  com.epam.travel_agency_final_project.TravelAgencyFinalProjectApplication - The following 1 profile is active: "prod"
2026-06-29 04:19:08 DEBUG com.epam.travel_agency_final_project.security.JwtCookieFilter - Filter 'jwtCookieFilter' configured for use
2026-06-29 04:19:10 INFO  com.epam.travel_agency_final_project.TravelAgencyFinalProjectApplication - Started TravelAgencyFinalProjectApplication in 9.011 seconds (process running for 10.026)
2026-06-29 04:19:10 INFO  com.epam.travel_agency_final_project.TravelAgencyFinalProjectApplication - ==========================================
2026-06-29 04:19:10 INFO  com.epam.travel_agency_final_project.TravelAgencyFinalProjectApplication - Application started successfully!
2026-06-29 04:19:10 INFO  com.epam.travel_agency_final_project.TravelAgencyFinalProjectApplication - ==========================================
2026-06-29 04:24:48 INFO  com.epam.travel_agency_final_project.TravelAgencyFinalProjectApplication - Starting TravelAgencyFinalProjectApplication using Java 17.0.8 with PID 9064 (D:\IdeaProjects\travel-agency-final-project\target\classes started by Acer Nitro 5 in D:\IdeaProjects\travel-agency-final-project)
2026-06-29 04:24:48 DEBUG com.epam.travel_agency_final_project.TravelAgencyFinalProjectApplication - Running with Spring Boot v4.1.0, Spring v7.0.8
2026-06-29 04:24:48 INFO  com.epam.travel_agency_final_project.TravelAgencyFinalProjectApplication - The following 1 profile is active: "prod"
2026-06-29 04:24:56 DEBUG com.epam.travel_agency_final_project.security.JwtCookieFilter - Filter 'jwtCookieFilter' configured for use
2026-06-29 04:24:57 INFO  com.epam.travel_agency_final_project.TravelAgencyFinalProjectApplication - Started TravelAgencyFinalProjectApplication in 9.484 seconds (process running for 10.577)
2026-06-29 04:24:57 INFO  com.epam.travel_agency_final_project.TravelAgencyFinalProjectApplication - ==========================================
2026-06-29 04:24:57 INFO  com.epam.travel_agency_final_project.TravelAgencyFinalProjectApplication - Application started successfully!
2026-06-29 04:24:57 INFO  com.epam.travel_agency_final_project.TravelAgencyFinalProjectApplication - ==========================================
2026-06-29 04:28:02 INFO  com.epam.travel_agency_final_project.TravelAgencyFinalProjectApplication - Starting TravelAgencyFinalProjectApplication using Java 17.0.8 with PID 15176 (D:\IdeaProjects\travel-agency-final-project\target\classes started by Acer Nitro 5 in D:\IdeaProjects\travel-agency-final-project)
2026-06-29 04:28:02 DEBUG com.epam.travel_agency_final_project.TravelAgencyFinalProjectApplication - Running with Spring Boot v4.1.0, Spring v7.0.8
2026-06-29 04:28:02 INFO  com.epam.travel_agency_final_project.TravelAgencyFinalProjectApplication - The following 1 profile is active: "prod"
2026-06-29 04:28:09 DEBUG com.epam.travel_agency_final_project.security.JwtCookieFilter - Filter 'jwtCookieFilter' configured for use
2026-06-29 04:28:10 INFO  com.epam.travel_agency_final_project.TravelAgencyFinalProjectApplication - Started TravelAgencyFinalProjectApplication in 9.024 seconds (process running for 10.051)
2026-06-29 04:28:10 INFO  com.epam.travel_agency_final_project.TravelAgencyFinalProjectApplication - ==========================================
2026-06-29 04:28:10 INFO  com.epam.travel_agency_final_project.TravelAgencyFinalProjectApplication - Application started successfully!
2026-06-29 04:28:10 INFO  com.epam.travel_agency_final_project.TravelAgencyFinalProjectApplication - ==========================================
2026-06-29 04:33:27 INFO  com.epam.travel_agency_final_project.TravelAgencyFinalProjectApplication - Starting TravelAgencyFinalProjectApplication using Java 17.0.8 with PID 15704 (D:\IdeaProjects\travel-agency-final-project\target\classes started by Acer Nitro 5 in D:\IdeaProjects\travel-agency-final-project)
2026-06-29 04:33:27 DEBUG com.epam.travel_agency_final_project.TravelAgencyFinalProjectApplication - Running with Spring Boot v4.1.0, Spring v7.0.8
2026-06-29 04:33:27 INFO  com.epam.travel_agency_final_project.TravelAgencyFinalProjectApplication - The following 1 profile is active: "prod"
2026-06-29 04:33:34 DEBUG com.epam.travel_agency_final_project.security.JwtCookieFilter - Filter 'jwtCookieFilter' configured for use
2026-06-29 04:33:36 INFO  com.epam.travel_agency_final_project.TravelAgencyFinalProjectApplication - Started TravelAgencyFinalProjectApplication in 8.836 seconds (process running for 9.858)
2026-06-29 04:33:36 INFO  com.epam.travel_agency_final_project.TravelAgencyFinalProjectApplication - ==========================================
2026-06-29 04:33:36 INFO  com.epam.travel_agency_final_project.TravelAgencyFinalProjectApplication - Application started successfully!
2026-06-29 04:33:36 INFO  com.epam.travel_agency_final_project.TravelAgencyFinalProjectApplication - ==========================================
2026-06-29 04:40:42 INFO  com.epam.travel_agency_final_project.TravelAgencyFinalProjectApplication - Starting TravelAgencyFinalProjectApplication using Java 17.0.8 with PID 19288 (D:\IdeaProjects\travel-agency-final-project\target\classes started by Acer Nitro 5 in D:\IdeaProjects\travel-agency-final-project)
2026-06-29 04:40:42 DEBUG com.epam.travel_agency_final_project.TravelAgencyFinalProjectApplication - Running with Spring Boot v4.1.0, Spring v7.0.8
2026-06-29 04:40:42 INFO  com.epam.travel_agency_final_project.TravelAgencyFinalProjectApplication - The following 1 profile is active: "prod"
2026-06-29 04:40:49 DEBUG com.epam.travel_agency_final_project.security.JwtCookieFilter - Filter 'jwtCookieFilter' configured for use
2026-06-29 04:40:50 INFO  com.epam.travel_agency_final_project.TravelAgencyFinalProjectApplication - Started TravelAgencyFinalProjectApplication in 8.633 seconds (process running for 9.618)
2026-06-29 04:40:50 INFO  com.epam.travel_agency_final_project.TravelAgencyFinalProjectApplication - ==========================================
2026-06-29 04:40:50 INFO  com.epam.travel_agency_final_project.TravelAgencyFinalProjectApplication - Application started successfully!
2026-06-29 04:40:50 INFO  com.epam.travel_agency_final_project.TravelAgencyFinalProjectApplication - ==========================================
2026-06-29 04:48:54 INFO  com.epam.travel_agency_final_project.TravelAgencyFinalProjectApplication - Starting TravelAgencyFinalProjectApplication using Java 17.0.8 with PID 18080 (D:\IdeaProjects\travel-agency-final-project\target\classes started by Acer Nitro 5 in D:\IdeaProjects\travel-agency-final-project)
2026-06-29 04:48:54 DEBUG com.epam.travel_agency_final_project.TravelAgencyFinalProjectApplication - Running with Spring Boot v4.1.0, Spring v7.0.8
2026-06-29 04:48:54 INFO  com.epam.travel_agency_final_project.TravelAgencyFinalProjectApplication - The following 1 profile is active: "prod"
2026-06-29 04:49:02 DEBUG com.epam.travel_agency_final_project.security.JwtCookieFilter - Filter 'jwtCookieFilter' configured for use
2026-06-29 04:49:03 INFO  com.epam.travel_agency_final_project.TravelAgencyFinalProjectApplication - Started TravelAgencyFinalProjectApplication in 9.231 seconds (process running for 10.245)
2026-06-29 04:49:03 INFO  com.epam.travel_agency_final_project.TravelAgencyFinalProjectApplication - ==========================================
2026-06-29 04:49:03 INFO  com.epam.travel_agency_final_project.TravelAgencyFinalProjectApplication - Application started successfully!
2026-06-29 04:49:03 INFO  com.epam.travel_agency_final_project.TravelAgencyFinalProjectApplication - ==========================================
2026-06-29 04:51:00 INFO  com.epam.travel_agency_final_project.TravelAgencyFinalProjectApplication - Starting TravelAgencyFinalProjectApplication using Java 17.0.8 with PID 9492 (D:\IdeaProjects\travel-agency-final-project\target\classes started by Acer Nitro 5 in D:\IdeaProjects\travel-agency-final-project)
2026-06-29 04:51:00 DEBUG com.epam.travel_agency_final_project.TravelAgencyFinalProjectApplication - Running with Spring Boot v4.1.0, Spring v7.0.8
2026-06-29 04:51:00 INFO  com.epam.travel_agency_final_project.TravelAgencyFinalProjectApplication - The following 1 profile is active: "prod"
2026-06-29 04:51:07 DEBUG com.epam.travel_agency_final_project.security.JwtCookieFilter - Filter 'jwtCookieFilter' configured for use
2026-06-29 04:51:09 INFO  com.epam.travel_agency_final_project.TravelAgencyFinalProjectApplication - Started TravelAgencyFinalProjectApplication in 9.807 seconds (process running for 10.823)
2026-06-29 04:51:09 INFO  com.epam.travel_agency_final_project.TravelAgencyFinalProjectApplication - ==========================================
2026-06-29 04:51:09 INFO  com.epam.travel_agency_final_project.TravelAgencyFinalProjectApplication - Application started successfully!
2026-06-29 04:51:09 INFO  com.epam.travel_agency_final_project.TravelAgencyFinalProjectApplication - ==========================================
